<?xml version="1.0" encoding="UTF-8"?>
<!-- Generated by org.testng.reporters.JUnitXMLReporter -->
<testsuite ignored="0" hostname="DESKTOP-9LVJVBF" failures="0" tests="2" name="Default test" time="0.135" errors="0" timestamp="2022-08-16T16:30:05 IST">
  <testcase classname="testpack.VerifyHedersOfApp" name="@BeforeTest launchBrowser" time="-1.660647605582E9">
    <failure type="org.testng.TestNGException" message="
Parameter &amp;apos;browser&amp;apos; is required by BeforeTest on method launchBrowser but has not been marked @Optional or defined
in C:\Users\Shree\AppData\Local\Temp\testng-eclipse-1786704539\testng-customsuite.xml">
      <![CDATA[org.testng.TestNGException: 
Parameter 'browser' is required by BeforeTest on method launchBrowser but has not been marked @Optional or defined
in C:\Users\Shree\AppData\Local\Temp\testng-eclipse-1786704539\testng-customsuite.xml
at org.testng.internal.Parameters.createParams(Parameters.java:270)
at org.testng.internal.Parameters.createParametersForMethod(Parameters.java:358)
at org.testng.internal.Parameters.createParameters(Parameters.java:700)
at org.testng.internal.Parameters.createConfigurationParameters(Parameters.java:168)
at org.testng.internal.ConfigInvoker.invokeConfigurations(ConfigInvoker.java:302)
at org.testng.TestRunner.invokeTestConfigurations(TestRunner.java:637)
at org.testng.TestRunner.beforeRun(TestRunner.java:627)
at org.testng.TestRunner.run(TestRunner.java:589)
at org.testng.SuiteRunner.runTest(SuiteRunner.java:377)
at org.testng.SuiteRunner.runSequentially(SuiteRunner.java:371)
at org.testng.SuiteRunner.privateRun(SuiteRunner.java:332)
at org.testng.SuiteRunner.run(SuiteRunner.java:276)
at org.testng.SuiteRunnerWorker.runSuite(SuiteRunnerWorker.java:53)
at org.testng.SuiteRunnerWorker.run(SuiteRunnerWorker.java:96)
at org.testng.TestNG.runSuitesSequentially(TestNG.java:1212)
at org.testng.TestNG.runSuitesLocally(TestNG.java:1134)
at org.testng.TestNG.runSuites(TestNG.java:1063)
at org.testng.TestNG.run(TestNG.java:1031)
at org.testng.remote.AbstractRemoteTestNG.run(AbstractRemoteTestNG.java:115)
at org.testng.remote.RemoteTestNG.initAndRun(RemoteTestNG.java:251)
at org.testng.remote.RemoteTestNG.main(RemoteTestNG.java:77)
]]>
    </failure>
  </testcase> <!-- @BeforeTest launchBrowser -->
  <testcase classname="testpack.VerifyHedersOfApp" name="@BeforeClass createPOMObject" time="-1.660647605628E9">
    <skipped/>
  </testcase> <!-- @BeforeClass createPOMObject -->
  <testcase classname="testpack.VerifyHedersOfApp" name="@BeforeMethod loginPageToApplication" time="-1.660647605657E9">
    <skipped/>
  </testcase> <!-- @BeforeMethod loginPageToApplication -->
  <testcase classname="testpack.VerifyHedersOfApp" name="@AfterMethod logoutFromApplication" time="-1.660647605674E9">
    <skipped/>
  </testcase> <!-- @AfterMethod logoutFromApplication -->
  <testcase classname="testpack.VerifyHedersOfApp" name="@BeforeMethod loginPageToApplication" time="-1.660647605678E9">
    <skipped/>
  </testcase> <!-- @BeforeMethod loginPageToApplication -->
  <testcase classname="testpack.VerifyHedersOfApp" name="@AfterMethod logoutFromApplication" time="-1.660647605692E9">
    <skipped/>
  </testcase> <!-- @AfterMethod logoutFromApplication -->
  <testcase classname="testpack.VerifyHedersOfApp" name="@AfterClass clearObject" time="-1.660647605697E9">
    <skipped/>
  </testcase> <!-- @AfterClass clearObject -->
  <testcase classname="testpack.VerifyHedersOfApp" name="@AfterTest closedBrowser" time="-1.660647605705E9">
    <skipped/>
  </testcase> <!-- @AfterTest closedBrowser -->
  <testcase classname="testpack.VerifyHedersOfApp" name="verifyReportButton" time="0.0">
    <skipped/>
  </testcase> <!-- verifyReportButton -->
  <testcase classname="testpack.VerifyHedersOfApp" name="verifyTaskButton" time="0.0">
    <skipped/>
  </testcase> <!-- verifyTaskButton -->
</testsuite> <!-- Default test -->
